TN:
SF:src/presentation/helper/http-response.js
FN:4,badParam
FN:11,serverError
FN:17,unauthorizedError
FN:24,suceess
FNF:4
FNH:4
FNDA:3,badParam
FNDA:7,serverError
FNDA:1,unauthorizedError
FNDA:2,suceess
DA:1,1
DA:2,1
DA:3,1
DA:4,1
DA:5,3
DA:6,3
DA:7,3
DA:8,3
DA:9,3
DA:10,1
DA:11,1
DA:12,7
DA:13,7
DA:14,7
DA:15,7
DA:16,1
DA:17,1
DA:18,1
DA:19,1
DA:20,1
DA:21,1
DA:22,1
DA:23,1
DA:24,1
DA:25,2
DA:26,2
DA:27,2
DA:28,2
DA:29,2
DA:30,1
LF:30
LH:30
BRDA:4,0,0,3
BRDA:11,1,0,7
BRDA:17,2,0,1
BRDA:24,3,0,2
BRF:4
BRH:4
end_of_record
TN:
SF:src/presentation/helper/invalid-param-error.js
FN:2,MissingParamError
FNF:1
FNH:1
FNDA:2,MissingParamError
DA:1,1
DA:2,1
DA:3,2
DA:4,2
DA:5,2
DA:6,1
LF:6
LH:6
BRDA:2,0,0,2
BRF:1
BRH:1
end_of_record
TN:
SF:src/presentation/helper/missing-param-error.js
FN:2,MissingParamError
FNF:1
FNH:1
FNDA:4,MissingParamError
DA:1,1
DA:2,1
DA:3,4
DA:4,4
DA:5,4
DA:6,1
LF:6
LH:6
BRDA:2,0,0,4
BRF:1
BRH:1
end_of_record
TN:
SF:src/presentation/helper/unauthorized-error.js
FN:2,UnauthoriedError
FNF:1
FNH:1
FNDA:2,UnauthoriedError
DA:1,1
DA:2,1
DA:3,2
DA:4,2
DA:5,2
DA:6,1
LF:6
LH:6
BRDA:2,0,0,2
BRF:1
BRH:1
end_of_record
TN:
SF:src/presentation/routes/login-router.js
FN:7,LoginRouter
FN:12,route
FNF:2
FNH:2
FNDA:13,LoginRouter
FNDA:13,route
DA:1,1
DA:2,1
DA:3,1
DA:4,1
DA:5,1
DA:6,1
DA:7,1
DA:8,13
DA:9,13
DA:10,13
DA:11,1
DA:12,1
DA:13,13
DA:14,13
DA:15,13
DA:16,13
DA:17,1
DA:18,1
DA:19,9
DA:20,13
DA:21,1
DA:22,1
DA:23,4
DA:24,13
DA:25,1
DA:26,1
DA:27,3
DA:28,3
DA:29,3
DA:30,13
DA:31,1
DA:32,1
DA:33,13
DA:34,13
DA:35,7
DA:36,7
DA:37,7
DA:38,7
DA:39,7
DA:40,7
DA:41,13
DA:42,1
LF:42
LH:42
BRDA:7,0,0,13
BRDA:12,1,0,13
BRDA:16,2,0,1
BRDA:19,3,0,9
BRDA:20,4,0,1
BRDA:23,5,0,4
BRDA:24,6,0,1
BRDA:27,7,0,3
BRDA:30,8,0,1
BRDA:34,9,0,7
BRF:10
BRH:10
end_of_record
